[INFO ] 2019-10-04 23:56:05.443 [main] MemberStaffsApp - Starting MemberStaff App
[ERROR] 2019-10-04 23:57:08.534 [task-1] StudentServiceImpl - Student not enrolled to any course
[INFO ] 2019-10-05 00:00:27.959 [task-2] StudentServiceImpl - Received from StudyMaterials : java.util.concurrent.CompletableFuture@2af8cf6[Not completed]
[INFO ] 2019-10-05 00:11:41.130 [main] MemberStaffsApp - Starting MemberStaff App
[INFO ] 2019-10-05 00:24:48.489 [main] MemberStaffsApp - Starting MemberStaff App
[INFO ] 2019-10-05 00:25:03.614 [task-1] StudentServiceImpl - StudentDAO : StudentDAO(studentId=1, name=Ausaf, topicsEnrolled=[], teachersAssigned=null)
[INFO ] 2019-10-05 00:25:03.680 [task-1] StudentServiceImpl - TeacherDAO : TeacherDAO(teacherId=null, name=Khan, topicId=null)
[INFO ] 2019-10-05 00:32:36.263 [main] MemberStaffsApp - Starting MemberStaff App
[INFO ] 2019-10-05 00:32:47.867 [task-1] StudentServiceImpl - TeacherDAO : TeacherDAO(teacherId=null, name=Khan, topicId=null)
[INFO ] 2019-10-05 00:32:47.870 [task-1] StudentServiceImpl - StudentDAO : StudentDAO(studentId=1, name=Ausaf, topicsEnrolled=[], teachersAssigned=[TeacherDAO(teacherId=null, name=Khan, topicId=null)])
[INFO ] 2019-10-05 00:32:47.871 [task-1] StudentServiceImpl - Enrolled Student : StudentDAO(studentId=1, name=Ausaf, topicsEnrolled=[], teachersAssigned=[TeacherDAO(teacherId=null, name=Khan, topicId=null)])
[ERROR] 2019-10-05 00:34:08.456 [task-2] StudentServiceImpl - Student not enrolled to any course
[INFO ] 2019-10-05 01:11:47.337 [main] MemberStaffsApp - Starting MemberStaff App
[ERROR] 2019-10-05 01:12:04.542 [task-1] StudentServiceImpl - Student not enrolled to any course
[INFO ] 2019-10-05 01:12:15.531 [task-2] StudentServiceImpl - TeacherDAO : TeacherDAO(teacherId=null, name=Khan, topicId=null)
[INFO ] 2019-10-05 01:12:15.588 [task-2] StudentServiceImpl - StudentDAO : StudentDAO(studentId=1, name=Ausaf, topicsEnrolled=[], teachersAssigned=[TeacherDAO(teacherId=null, name=Khan, topicId=null)])
[INFO ] 2019-10-05 01:12:15.591 [task-2] StudentServiceImpl - Enrolled Student : StudentDAO(studentId=1, name=Ausaf, topicsEnrolled=[], teachersAssigned=[TeacherDAO(teacherId=null, name=Khan, topicId=null)])
[INFO ] 2019-10-05 01:13:59.027 [main] MemberStaffsApp - Starting MemberStaff App
[INFO ] 2019-10-05 01:14:22.289 [task-1] StudentServiceImpl - TeacherDAO : TeacherDAO(teacherId=null, name=Khan, topicId=null)
[INFO ] 2019-10-05 01:14:22.353 [task-1] StudentServiceImpl - StudentDAO : StudentDAO(studentId=1, name=Ausaf, topicsEnrolled=[], teachersAssigned=[TeacherDAO(teacherId=null, name=Khan, topicId=null)])
[INFO ] 2019-10-05 01:14:22.354 [task-1] StudentServiceImpl - Enrolled Student : StudentDAO(studentId=1, name=Ausaf, topicsEnrolled=[], teachersAssigned=[TeacherDAO(teacherId=null, name=Khan, topicId=null)])
[INFO ] 2019-10-05 01:16:35.710 [main] MemberStaffsApp - Starting MemberStaff App
[INFO ] 2019-10-05 01:16:51.400 [task-1] StudentServiceImpl - TeacherDAO : TeacherDAO(teacherId=null, name=Khan, topicId=null)
[INFO ] 2019-10-05 01:16:51.482 [task-1] StudentServiceImpl - StudentDAO : StudentDAO(studentId=1, name=Ausaf, topicsEnrolled=[], teachersAssigned=[TeacherDAO(teacherId=null, name=Khan, topicId=null)])
[INFO ] 2019-10-05 01:16:51.483 [task-1] StudentServiceImpl - Enrolled Student : StudentDAO(studentId=1, name=Ausaf, topicsEnrolled=[], teachersAssigned=[TeacherDAO(teacherId=null, name=Khan, topicId=null)])
[INFO ] 2019-10-05 01:18:18.409 [OkHttp http://localhost:8080/...] StudentServiceImpl - Response Entity: [!!!org.springframework.http.ResponseEntity@7d2996ff=>java.lang.NullPointerException:null!!!]
[INFO ] 2019-10-05 01:24:28.663 [main] MemberStaffsApp - Starting MemberStaff App
[INFO ] 2019-10-05 01:24:40.510 [task-1] StudentServiceImpl - TeacherDAO : TeacherDAO(teacherId=null, name=Khan, topicId=null)
[INFO ] 2019-10-05 01:24:40.592 [task-1] StudentServiceImpl - StudentDAO : StudentDAO(studentId=1, name=Ausaf, topicsEnrolled=[], teachersAssigned=[TeacherDAO(teacherId=null, name=Khan, topicId=null)])
[INFO ] 2019-10-05 01:24:40.593 [task-1] StudentServiceImpl - Enrolled Student : StudentDAO(studentId=1, name=Ausaf, topicsEnrolled=[], teachersAssigned=[TeacherDAO(teacherId=null, name=Khan, topicId=null)])
[INFO ] 2019-10-05 01:25:09.130 [OkHttp http://localhost:8080/...] StudentServiceImpl - Response Model: ResponseModel(data=TopicResponse(topicId=1, name=Java, courseResponses=[CourseResponse(courseId=1, name=Course1, description=desc1)]))
[INFO ] 2019-10-05 01:26:43.928 [OkHttp http://localhost:8080/...] StudentServiceImpl - Student DAO : StudentDAO(studentId=1, name=Ausaf, topicsEnrolled=[TopicResponse(topicId=1, name=Java, courseResponses=[CourseResponse(courseId=1, name=Course1, description=desc1)])], teachersAssigned=[TeacherDAO(teacherId=null, name=Khan, topicId=null)])
[INFO ] 2019-10-05 01:28:05.596 [main] MemberStaffsApp - Starting MemberStaff App
[INFO ] 2019-10-05 01:28:35.680 [task-1] StudentServiceImpl - TeacherDAO : TeacherDAO(teacherId=null, name=Khan, topicId=null)
[INFO ] 2019-10-05 01:28:35.759 [task-1] StudentServiceImpl - StudentDAO : StudentDAO(studentId=1, name=Ausaf, topicsEnrolled=[], teachersAssigned=[TeacherDAO(teacherId=null, name=Khan, topicId=null)])
[INFO ] 2019-10-05 01:28:35.761 [task-1] StudentServiceImpl - Enrolled Student : StudentDAO(studentId=1, name=Ausaf, topicsEnrolled=[], teachersAssigned=[TeacherDAO(teacherId=null, name=Khan, topicId=null)])
[INFO ] 2019-10-05 01:28:40.999 [OkHttp http://localhost:8080/...] StudentServiceImpl - Response Model: ResponseModel(data=TopicResponse(topicId=1, name=Java, courseResponses=[CourseResponse(courseId=1, name=Course1, description=desc1)]))
[INFO ] 2019-10-05 01:31:04.467 [OkHttp http://localhost:8080/...] StudentServiceImpl - Student DAO : StudentDAO(studentId=1, name=Ausaf, topicsEnrolled=[TopicResponse(topicId=1, name=Java, courseResponses=[CourseResponse(courseId=1, name=Course1, description=desc1)])], teachersAssigned=[TeacherDAO(teacherId=null, name=Khan, topicId=null)])
[INFO ] 2019-10-05 01:34:06.310 [main] MemberStaffsApp - Starting MemberStaff App
[INFO ] 2019-10-05 01:34:23.247 [task-1] StudentServiceImpl - TeacherDAO : TeacherDAO(teacherId=1, name=Khan, topicId=null)
[INFO ] 2019-10-05 01:34:23.315 [task-1] StudentServiceImpl - StudentDAO : StudentDAO(studentId=1, name=Ausaf, topicsEnrolled=[], teachersAssigned=[TeacherDAO(teacherId=1, name=Khan, topicId=null)])
[INFO ] 2019-10-05 01:34:23.316 [task-1] StudentServiceImpl - Enrolled Student : StudentDAO(studentId=1, name=Ausaf, topicsEnrolled=[], teachersAssigned=[TeacherDAO(teacherId=1, name=Khan, topicId=null)])
[INFO ] 2019-10-05 01:34:51.663 [OkHttp http://localhost:8080/...] StudentServiceImpl - Response Model: ResponseModel(data=TopicResponse(topicId=1, name=Java, courseResponses=[CourseResponse(courseId=1, name=Course1, description=desc1)]))
[INFO ] 2019-10-05 01:34:51.664 [OkHttp http://localhost:8080/...] StudentServiceImpl - Student DAO : StudentDAO(studentId=1, name=Ausaf, topicsEnrolled=[TopicResponse(topicId=1, name=Java, courseResponses=[CourseResponse(courseId=1, name=Course1, description=desc1)])], teachersAssigned=[TeacherDAO(teacherId=1, name=Khan, topicId=null)])
[INFO ] 2019-10-05 01:35:48.908 [task-2] StudentServiceImpl - Student info : StudentResponse(studentId=1, name=Ausaf, topicsEnrolled=[TopicResponse(topicId=1, name=Java, courseResponses=[CourseResponse(courseId=1, name=Course1, description=desc1)])], teachersAssigned=[TeacherResponse(teacherId=1, name=Khan, topicId=1)])
[INFO ] 2019-10-05 01:37:43.020 [main] MemberStaffsApp - Starting MemberStaff App
[INFO ] 2019-10-05 01:41:14.274 [main] MemberStaffsApp - Starting MemberStaff App
[INFO ] 2019-10-05 01:41:29.662 [task-1] StudentServiceImpl - TeacherDAO : null
[INFO ] 2019-10-05 01:41:29.736 [task-1] StudentServiceImpl - StudentDAO : StudentDAO(studentId=1, name=Ausaf, topicsEnrolled=[TopicResponse(topicId=1, name=Java, courseResponses=[CourseResponse(courseId=1, name=Course1, description=desc1)])], teachersAssigned=[TeacherDAO(teacherId=1, name=Khan, topicId=1), null])
[INFO ] 2019-10-05 01:41:29.738 [task-1] StudentServiceImpl - Enrolled Student : StudentDAO(studentId=1, name=Ausaf, topicsEnrolled=[TopicResponse(topicId=1, name=Java, courseResponses=[CourseResponse(courseId=1, name=Course1, description=desc1)])], teachersAssigned=[TeacherDAO(teacherId=1, name=Khan, topicId=1), null])
[INFO ] 2019-10-05 01:41:45.411 [OkHttp http://localhost:8080/...] StudentServiceImpl - Response Model: ResponseModel(data=TopicResponse(topicId=2, name=Node.js, courseResponses=[CourseResponse(courseId=2, name=Course2, description=desc2)]))
[INFO ] 2019-10-05 01:42:09.032 [OkHttp http://localhost:8080/...] StudentServiceImpl - Student DAO : StudentDAO(studentId=1, name=Ausaf, topicsEnrolled=[TopicResponse(topicId=1, name=Java, courseResponses=[CourseResponse(courseId=1, name=Course1, description=desc1)]), TopicResponse(topicId=2, name=Node.js, courseResponses=[CourseResponse(courseId=2, name=Course2, description=desc2)])], teachersAssigned=[TeacherDAO(teacherId=1, name=Khan, topicId=1), null])
[INFO ] 2019-10-05 01:43:54.820 [main] MemberStaffsApp - Starting MemberStaff App
[INFO ] 2019-10-05 01:44:11.065 [task-1] StudentServiceImpl - Student info : StudentResponse(studentId=1, name=Ausaf, topicsEnrolled=[TopicResponse(topicId=1, name=Java, courseResponses=[CourseResponse(courseId=1, name=Course1, description=desc1)]), TopicResponse(topicId=2, name=Node.js, courseResponses=[CourseResponse(courseId=2, name=Course2, description=desc2)])], teachersAssigned=[TeacherResponse(teacherId=1, name=Khan, topicId=1)])
[INFO ] 2019-10-05 01:46:46.157 [task-2] StudentServiceImpl - Student info : StudentResponse(studentId=1, name=Ausaf, topicsEnrolled=[TopicResponse(topicId=1, name=Java, courseResponses=[CourseResponse(courseId=1, name=Course1, description=desc1)]), TopicResponse(topicId=2, name=Node.js, courseResponses=[CourseResponse(courseId=2, name=Course2, description=desc2)])], teachersAssigned=[TeacherResponse(teacherId=1, name=Khan, topicId=1)])
[INFO ] 2019-10-05 01:57:05.828 [task-3] StudentServiceImpl - Added student : StudentDAO(studentId=2, name=New Student, topicsEnrolled=null, teachersAssigned=null)
[INFO ] 2019-10-05 02:02:36.225 [main] MemberStaffsApp - Starting MemberStaff App
[ERROR] 2019-10-05 02:02:52.609 [task-1] StudentServiceImpl - Student not enrolled to any course
[INFO ] 2019-10-05 02:03:24.500 [main] MemberStaffsApp - Starting MemberStaff App
[INFO ] 2019-10-05 02:05:12.690 [main] MemberStaffsApp - Starting MemberStaff App
[INFO ] 2019-10-05 02:06:20.569 [task-1] StudentServiceImpl - TeacherDAO : TeacherDAO(teacherId=1, name=Khan, topicId=null)
[INFO ] 2019-10-05 02:07:06.585 [task-1] StudentServiceImpl - StudentDAO : StudentDAO(studentId=2, name=New Student, topicsEnrolled=[], teachersAssigned=[TeacherDAO(teacherId=1, name=Khan, topicId=null)])
[INFO ] 2019-10-05 02:07:28.952 [task-1] StudentServiceImpl - Enrolled Student : StudentDAO(studentId=2, name=New Student, topicsEnrolled=[], teachersAssigned=[TeacherDAO(teacherId=1, name=Khan, topicId=null)])
[ERROR] 2019-10-05 02:08:14.150 [task-2] StudentServiceImpl - Student not enrolled to any course
[INFO ] 2019-10-05 02:08:14.204 [OkHttp http://localhost:8080/...] StudentServiceImpl - Response Model: ResponseModel(data=TopicResponse(topicId=1, name=Java, courseResponses=[CourseResponse(courseId=1, name=Course1, description=desc1)]))
[INFO ] 2019-10-05 02:08:14.206 [OkHttp http://localhost:8080/...] StudentServiceImpl - Student DAO : StudentDAO(studentId=2, name=New Student, topicsEnrolled=[TopicResponse(topicId=1, name=Java, courseResponses=[CourseResponse(courseId=1, name=Course1, description=desc1)])], teachersAssigned=[TeacherDAO(teacherId=1, name=Khan, topicId=null)])
[INFO ] 2019-10-05 02:08:25.797 [main] MemberStaffsApp - Starting MemberStaff App
[ERROR] 2019-10-05 02:08:37.370 [task-1] StudentServiceImpl - Student not enrolled to any course
[INFO ] 2019-10-05 02:09:25.106 [task-2] StudentServiceImpl - TeacherDAO : TeacherDAO(teacherId=1, name=Khan, topicId=null)
[INFO ] 2019-10-05 02:09:25.148 [task-2] StudentServiceImpl - StudentDAO : StudentDAO(studentId=2, name=New Student, topicsEnrolled=[], teachersAssigned=[TeacherDAO(teacherId=1, name=Khan, topicId=null)])
[INFO ] 2019-10-05 02:09:25.148 [task-2] StudentServiceImpl - Enrolled Student : StudentDAO(studentId=2, name=New Student, topicsEnrolled=[], teachersAssigned=[TeacherDAO(teacherId=1, name=Khan, topicId=null)])
[INFO ] 2019-10-05 02:09:25.276 [OkHttp http://localhost:8080/...] StudentServiceImpl - Response Model: ResponseModel(data=TopicResponse(topicId=1, name=Java, courseResponses=[CourseResponse(courseId=1, name=Course1, description=desc1)]))
[INFO ] 2019-10-05 02:09:25.277 [OkHttp http://localhost:8080/...] StudentServiceImpl - Student DAO : StudentDAO(studentId=2, name=New Student, topicsEnrolled=[TopicResponse(topicId=1, name=Java, courseResponses=[CourseResponse(courseId=1, name=Course1, description=desc1)])], teachersAssigned=[TeacherDAO(teacherId=1, name=Khan, topicId=null)])
[INFO ] 2019-10-05 02:09:40.604 [task-3] StudentServiceImpl - Student info : StudentResponse(studentId=2, name=New Student, topicsEnrolled=[TopicResponse(topicId=1, name=Java, courseResponses=[CourseResponse(courseId=1, name=Course1, description=desc1)])], teachersAssigned=[TeacherResponse(teacherId=1, name=Khan, topicId=1)])
[INFO ] 2019-10-05 02:10:13.472 [main] MemberStaffsApp - Starting MemberStaff App
[INFO ] 2019-10-05 02:12:06.191 [task-1] StudentServiceImpl - TeacherDAO : null
[INFO ] 2019-10-05 02:12:34.575 [task-1] StudentServiceImpl - StudentDAO : StudentDAO(studentId=2, name=New Student, topicsEnrolled=[TopicResponse(topicId=1, name=Java, courseResponses=[CourseResponse(courseId=1, name=Course1, description=desc1)])], teachersAssigned=[TeacherDAO(teacherId=1, name=Khan, topicId=1), null])
[INFO ] 2019-10-05 02:12:43.206 [task-1] StudentServiceImpl - Enrolled Student : StudentDAO(studentId=2, name=New Student, topicsEnrolled=[TopicResponse(topicId=1, name=Java, courseResponses=[CourseResponse(courseId=1, name=Course1, description=desc1)])], teachersAssigned=[TeacherDAO(teacherId=1, name=Khan, topicId=1), null])
[INFO ] 2019-10-05 02:13:35.399 [OkHttp http://localhost:8080/...] StudentServiceImpl - Response Model: ResponseModel(data=TopicResponse(topicId=2, name=Node.js, courseResponses=[CourseResponse(courseId=2, name=Course2, description=desc2)]))
[INFO ] 2019-10-05 02:13:35.400 [OkHttp http://localhost:8080/...] StudentServiceImpl - Student DAO : StudentDAO(studentId=2, name=New Student, topicsEnrolled=[TopicResponse(topicId=1, name=Java, courseResponses=[CourseResponse(courseId=1, name=Course1, description=desc1)]), TopicResponse(topicId=2, name=Node.js, courseResponses=[CourseResponse(courseId=2, name=Course2, description=desc2)])], teachersAssigned=[TeacherDAO(teacherId=1, name=Khan, topicId=1), null])
[INFO ] 2019-10-05 02:14:34.598 [main] MemberStaffsApp - Starting MemberStaff App
[INFO ] 2019-10-05 02:15:02.355 [task-1] TeacherServiceImpl - Added Teacher : TeacherDAO(teacherId=2, name=New Teacher, topicId=2)
[INFO ] 2019-10-05 02:15:11.498 [task-2] StudentServiceImpl - Student info : StudentResponse(studentId=2, name=New Student, topicsEnrolled=[TopicResponse(topicId=1, name=Java, courseResponses=[CourseResponse(courseId=1, name=Course1, description=desc1)]), TopicResponse(topicId=2, name=Node.js, courseResponses=[CourseResponse(courseId=2, name=Course2, description=desc2)])], teachersAssigned=[TeacherResponse(teacherId=1, name=Khan, topicId=1)])
[INFO ] 2019-10-05 02:16:05.997 [task-3] StudentServiceImpl - TeacherDAO : TeacherDAO(teacherId=2, name=New Teacher, topicId=null)
[INFO ] 2019-10-05 02:16:06.045 [task-3] StudentServiceImpl - StudentDAO : StudentDAO(studentId=2, name=New Student, topicsEnrolled=[TopicResponse(topicId=1, name=Java, courseResponses=[CourseResponse(courseId=1, name=Course1, description=desc1)]), TopicResponse(topicId=2, name=Node.js, courseResponses=[CourseResponse(courseId=2, name=Course2, description=desc2)])], teachersAssigned=[TeacherDAO(teacherId=1, name=Khan, topicId=1), TeacherDAO(teacherId=2, name=New Teacher, topicId=null)])
[INFO ] 2019-10-05 02:16:06.046 [task-3] StudentServiceImpl - Enrolled Student : StudentDAO(studentId=2, name=New Student, topicsEnrolled=[TopicResponse(topicId=1, name=Java, courseResponses=[CourseResponse(courseId=1, name=Course1, description=desc1)]), TopicResponse(topicId=2, name=Node.js, courseResponses=[CourseResponse(courseId=2, name=Course2, description=desc2)])], teachersAssigned=[TeacherDAO(teacherId=1, name=Khan, topicId=1), TeacherDAO(teacherId=2, name=New Teacher, topicId=null)])
[INFO ] 2019-10-05 02:16:06.104 [OkHttp http://localhost:8080/...] StudentServiceImpl - Response Model: ResponseModel(data=TopicResponse(topicId=2, name=Node.js, courseResponses=[CourseResponse(courseId=2, name=Course2, description=desc2)]))
[INFO ] 2019-10-05 02:16:06.104 [OkHttp http://localhost:8080/...] StudentServiceImpl - Student DAO : StudentDAO(studentId=2, name=New Student, topicsEnrolled=[TopicResponse(topicId=1, name=Java, courseResponses=[CourseResponse(courseId=1, name=Course1, description=desc1)]), TopicResponse(topicId=2, name=Node.js, courseResponses=[CourseResponse(courseId=2, name=Course2, description=desc2)]), TopicResponse(topicId=2, name=Node.js, courseResponses=[CourseResponse(courseId=2, name=Course2, description=desc2)])], teachersAssigned=[TeacherDAO(teacherId=1, name=Khan, topicId=1), TeacherDAO(teacherId=2, name=New Teacher, topicId=null)])
[INFO ] 2019-10-05 02:16:30.867 [task-4] StudentServiceImpl - Student info : StudentResponse(studentId=2, name=New Student, topicsEnrolled=[TopicResponse(topicId=1, name=Java, courseResponses=[CourseResponse(courseId=1, name=Course1, description=desc1)]), TopicResponse(topicId=2, name=Node.js, courseResponses=[CourseResponse(courseId=2, name=Course2, description=desc2)]), TopicResponse(topicId=2, name=Node.js, courseResponses=[CourseResponse(courseId=2, name=Course2, description=desc2)])], teachersAssigned=[TeacherResponse(teacherId=1, name=Khan, topicId=1), TeacherResponse(teacherId=2, name=New Teacher, topicId=2)])
[INFO ] 2019-10-05 02:33:04.491 [main] MemberStaffsApp - Starting MemberStaff App
[INFO ] 2019-10-15 01:11:23.037 [main] MemberStaffsApp - Starting MemberStaff App
[INFO ] 2019-10-15 01:11:59.868 [main] MemberStaffsApp - Starting MemberStaff App
[INFO ] 2019-10-15 01:13:55.104 [main] MemberStaffsApp - Starting MemberStaff App
[INFO ] 2019-10-15 01:19:17.312 [main] MemberStaffsApp - Starting MemberStaff App
[INFO ] 2019-10-15 01:23:19.342 [main] MemberStaffsApp - Starting MemberStaff App
[INFO ] 2019-10-15 01:37:40.799 [main] MemberStaffsApp - Starting MemberStaff App
[INFO ] 2019-10-15 01:59:16.393 [main] MemberStaffsApp - Starting MemberStaff App
[INFO ] 2019-10-15 02:02:15.373 [main] MemberStaffsApp - Starting MemberStaff App
[INFO ] 2019-10-15 02:03:35.892 [main] MemberStaffsApp - Starting MemberStaff App
[INFO ] 2019-10-15 02:05:44.153 [main] MemberStaffsApp - Starting MemberStaff App
[INFO ] 2019-10-15 02:08:56.091 [main] MemberStaffsApp - Starting MemberStaff App
[INFO ] 2019-10-15 02:12:03.399 [main] MemberStaffsApp - Starting MemberStaff App
[INFO ] 2019-10-15 02:14:40.942 [main] MemberStaffsApp - Starting MemberStaff App
[INFO ] 2019-10-15 02:15:01.539 [main] MemberStaffsApp - Starting MemberStaff App
[INFO ] 2019-10-15 02:16:28.946 [main] MemberStaffsApp - Starting MemberStaff App
[INFO ] 2019-10-15 02:17:42.996 [main] MemberStaffsApp - Starting MemberStaff App
[INFO ] 2019-10-15 02:21:17.747 [main] MemberStaffsApp - Starting MemberStaff App
[INFO ] 2019-10-15 02:22:24.253 [main] MemberStaffsApp - Starting MemberStaff App
[INFO ] 2019-10-15 02:26:45.499 [main] MemberStaffsApp - Starting MemberStaff App
[INFO ] 2019-10-15 02:28:32.290 [main] MemberStaffsApp - Starting MemberStaff App
[INFO ] 2019-10-15 02:29:13.167 [main] MemberStaffsApp - Starting MemberStaff App
[INFO ] 2019-10-15 02:32:44.201 [main] MemberStaffsApp - Starting MemberStaff App
[INFO ] 2019-10-15 02:42:13.484 [main] MemberStaffsApp - Starting MemberStaff App
[INFO ] 2019-10-15 02:43:44.120 [main] MemberStaffsApp - Starting MemberStaff App
[INFO ] 2019-10-15 02:47:14.569 [main] MemberStaffsApp - Starting MemberStaff App
[INFO ] 2019-10-15 17:10:02.765 [main] MemberStaffsApp - Starting MemberStaff App
[INFO ] 2019-10-15 17:12:27.426 [main] MemberStaffsApp - Starting MemberStaff App
[INFO ] 2019-10-15 17:15:13.915 [main] MemberStaffsApp - Starting MemberStaff App
[INFO ] 2019-10-15 17:19:14.101 [main] MemberStaffsApp - Starting MemberStaff App
[INFO ] 2019-10-15 17:30:04.306 [main] MemberStaffsApp - Starting MemberStaff App
[INFO ] 2019-10-15 17:40:45.337 [main] MemberStaffsApp - Starting MemberStaff App
[INFO ] 2019-10-15 17:41:50.827 [main] MemberStaffsApp - Starting MemberStaff App
[INFO ] 2019-10-15 17:44:50.913 [main] MemberStaffsApp - Starting MemberStaff App
[INFO ] 2019-10-15 17:49:46.859 [main] MemberStaffsApp - Starting MemberStaff App
[INFO ] 2019-10-15 17:54:08.139 [main] MemberStaffsApp - Starting MemberStaff App
[INFO ] 2019-10-15 17:55:47.817 [main] MemberStaffsApp - Starting MemberStaff App
[INFO ] 2019-10-15 18:06:04.654 [main] MemberStaffsApp - Starting MemberStaff App
[INFO ] 2019-10-15 18:11:40.844 [main] MemberStaffsApp - Starting MemberStaff App
[INFO ] 2019-10-15 18:19:23.392 [main] MemberStaffsApp - Starting MemberStaff App
[INFO ] 2019-10-15 18:22:31.931 [main] MemberStaffsApp - Starting MemberStaff App
[INFO ] 2019-10-15 18:24:47.167 [main] MemberStaffsApp - Starting MemberStaff App
[INFO ] 2019-10-15 18:26:51.784 [main] MemberStaffsApp - Starting MemberStaff App
[INFO ] 2019-10-15 18:38:35.152 [main] MemberStaffsApp - Starting MemberStaff App
[INFO ] 2019-10-15 23:29:11.160 [main] MemberStaffsApp - Starting MemberStaff App
[INFO ] 2019-10-15 23:33:37.238 [main] MemberStaffsApp - Starting MemberStaff App
[INFO ] 2019-10-15 23:42:59.350 [main] MemberStaffsApp - Starting MemberStaff App
[INFO ] 2019-10-15 23:47:52.509 [main] MemberStaffsApp - Starting MemberStaff App
[INFO ] 2019-10-15 23:50:52.023 [main] MemberStaffsApp - Starting MemberStaff App
[INFO ] 2019-10-15 23:52:04.115 [main] MemberStaffsApp - Starting MemberStaff App
[INFO ] 2019-10-15 23:53:53.403 [main] MemberStaffsApp - Starting MemberStaff App
[INFO ] 2019-10-15 23:54:50.307 [main] MemberStaffsApp - Starting MemberStaff App
[INFO ] 2019-10-15 23:56:28.821 [main] MemberStaffsApp - Starting MemberStaff App
[INFO ] 2019-10-15 23:59:37.350 [task-1] TeacherServiceImpl - Added Teacher : TeacherDAO(teacherId=1, name=qwerty, topicId=1)
[INFO ] 2019-10-16 00:02:39.814 [task-2] TeacherServiceImpl - Added Teacher : TeacherDAO(teacherId=2, name=qwertye, topicId=2)
[INFO ] 2019-10-16 00:06:08.152 [main] MemberStaffsApp - Starting MemberStaff App
[INFO ] 2019-10-16 00:06:24.459 [main] MemberStaffsApp - Starting MemberStaff App
[INFO ] 2019-10-16 00:09:59.174 [main] MemberStaffsApp - Starting MemberStaff App
[INFO ] 2019-10-16 00:14:40.127 [main] MemberStaffsApp - Starting MemberStaff App
[INFO ] 2019-10-16 00:22:42.464 [main] MemberStaffsApp - Starting MemberStaff App
[INFO ] 2019-10-16 00:30:40.134 [main] MemberStaffsApp - Starting MemberStaff App
[INFO ] 2019-10-16 00:33:51.762 [main] MemberStaffsApp - Starting MemberStaff App
[INFO ] 2019-10-16 00:35:05.398 [main] MemberStaffsApp - Starting MemberStaff App
[INFO ] 2019-10-16 00:37:37.652 [main] MemberStaffsApp - Starting MemberStaff App
[INFO ] 2019-10-16 00:41:23.273 [main] MemberStaffsApp - Starting MemberStaff App
[INFO ] 2019-10-16 00:44:32.333 [main] MemberStaffsApp - Starting MemberStaff App
[INFO ] 2019-10-16 01:01:21.445 [main] MemberStaffsApp - Starting MemberStaff App
[INFO ] 2019-10-16 01:03:41.134 [main] MemberStaffsApp - Starting MemberStaff App
[INFO ] 2019-10-16 01:03:55.116 [task-1] TeacherServiceImpl - Added Teacher : TeacherDAO(teacherId=3, name=qwertyew, topicId=3)
[INFO ] 2019-10-16 01:04:45.315 [task-2] TeacherServiceImpl - Added Teacher : TeacherDAO(teacherId=4, name=qwertyewr, topicId=4)
[INFO ] 2019-10-16 01:07:16.252 [main] MemberStaffsApp - Starting MemberStaff App
[INFO ] 2019-10-16 01:07:51.177 [task-1] TeacherServiceImpl - Added Teacher : TeacherDAO(teacherId=5, name=qwertywewr, topicId=5)
[INFO ] 2019-10-16 01:09:19.139 [task-2] StudentServiceImpl - Added student : StudentDAO(studentId=1, name=stu1, topicsEnrolled=null, teachersAssigned=null)
